app/build/intermediates/manifest_merge_blame_file/debug/manifest-merger-blame-debug-report.txt
1<?xml version="1.0" encoding="utf-8"?>
2<manifest xmlns:android="http://schemas.android.com/apk/res/android"
3    package="com.example.newpc.qrcode"
4    android:versionCode="1"
5    android:versionName="1.0" >
6
7    <uses-sdk
8        android:minSdkVersion="15"
8-->src/main/AndroidManifest.xml
9        android:targetSdkVersion="24" />
9-->src/main/AndroidManifest.xml
10
11    <uses-permission android:name="android.permission.CAMERA" /> <!-- Don't require camera, as this requires a rear camera. This allows it to work on the Nexus 7 -->
11-->[com.journeyapps:zxing-android-embedded:3.2.0] AndroidManifest.xml:21:5-65
11-->[com.journeyapps:zxing-android-embedded:3.2.0] AndroidManifest.xml:21:22-62
12    <uses-feature
12-->[com.journeyapps:zxing-android-embedded:3.2.0] AndroidManifest.xml:24:5-26:36
13        android:name="android.hardware.camera"
13-->[com.journeyapps:zxing-android-embedded:3.2.0] AndroidManifest.xml:25:9-47
14        android:required="false" />
14-->[com.journeyapps:zxing-android-embedded:3.2.0] AndroidManifest.xml:26:9-33
15    <uses-feature
15-->[com.journeyapps:zxing-android-embedded:3.2.0] AndroidManifest.xml:27:5-29:36
16        android:name="android.hardware.camera.front"
16-->[com.journeyapps:zxing-android-embedded:3.2.0] AndroidManifest.xml:28:9-53
17        android:required="false" /> <!-- TODO replace above two with next line after Android 4.2 -->
17-->[com.journeyapps:zxing-android-embedded:3.2.0] AndroidManifest.xml:29:9-33
18    <!-- <uses-feature android:name="android.hardware.camera.any"/> -->
19    <uses-feature
19-->[com.journeyapps:zxing-android-embedded:3.2.0] AndroidManifest.xml:32:5-34:36
20        android:name="android.hardware.camera.autofocus"
20-->[com.journeyapps:zxing-android-embedded:3.2.0] AndroidManifest.xml:33:9-57
21        android:required="false" />
21-->[com.journeyapps:zxing-android-embedded:3.2.0] AndroidManifest.xml:34:9-33
22    <uses-feature
22-->[com.journeyapps:zxing-android-embedded:3.2.0] AndroidManifest.xml:35:5-37:36
23        android:name="android.hardware.camera.flash"
23-->[com.journeyapps:zxing-android-embedded:3.2.0] AndroidManifest.xml:36:9-53
24        android:required="false" />
24-->[com.journeyapps:zxing-android-embedded:3.2.0] AndroidManifest.xml:37:9-33
25    <uses-feature
25-->[com.journeyapps:zxing-android-embedded:3.2.0] AndroidManifest.xml:38:5-40:36
26        android:name="android.hardware.screen.landscape"
26-->[com.journeyapps:zxing-android-embedded:3.2.0] AndroidManifest.xml:39:9-57
27        android:required="false" />
27-->[com.journeyapps:zxing-android-embedded:3.2.0] AndroidManifest.xml:40:9-33
28    <uses-feature
28-->[com.journeyapps:zxing-android-embedded:3.2.0] AndroidManifest.xml:41:5-43:36
29        android:name="android.hardware.wifi"
29-->[com.journeyapps:zxing-android-embedded:3.2.0] AndroidManifest.xml:42:9-45
30        android:required="false" />
30-->[com.journeyapps:zxing-android-embedded:3.2.0] AndroidManifest.xml:43:9-33
31
32    <application
32-->src/main/AndroidManifest.xml:5:5-26:19
33        android:allowBackup="true"
33-->src/main/AndroidManifest.xml:6:9-35
34        android:debuggable="true"
35        android:icon="@mipmap/ic_launcher"
35-->src/main/AndroidManifest.xml:7:9-43
36        android:label="@string/app_name"
36-->src/main/AndroidManifest.xml:8:9-41
37        android:supportsRtl="true"
37-->src/main/AndroidManifest.xml:9:9-35
38        android:testOnly="true"
39        android:theme="@style/AppTheme" >
39-->src/main/AndroidManifest.xml:10:9-40
40        <activity android:name="com.example.newpc.qrcode.ReaderActivity" >
40-->src/main/AndroidManifest.xml:11:9-17:20
40-->src/main/AndroidManifest.xml:11:19-49
41            <intent-filter>
41-->src/main/AndroidManifest.xml:12:13-16:29
42                <action android:name="android.intent.action.RUN" />
42-->src/main/AndroidManifest.xml:13:17-68
42-->src/main/AndroidManifest.xml:13:25-65
43
44                <category android:name="android.intent.category.DEFAULT" />
44-->src/main/AndroidManifest.xml:15:17-76
44-->src/main/AndroidManifest.xml:15:27-73
45            </intent-filter>
46        </activity>
47        <activity android:name="com.example.newpc.qrcode.MainActivity" >
47-->src/main/AndroidManifest.xml:18:9-24:20
47-->src/main/AndroidManifest.xml:18:19-47
48            <intent-filter>
48-->src/main/AndroidManifest.xml:19:13-23:29
49                <action android:name="android.intent.action.MAIN" />
49-->src/main/AndroidManifest.xml:20:17-69
49-->src/main/AndroidManifest.xml:20:25-66
50
51                <category android:name="android.intent.category.LAUNCHER" />
51-->src/main/AndroidManifest.xml:22:17-77
51-->src/main/AndroidManifest.xml:22:27-74
52            </intent-filter>
53        </activity>
54        <activity android:name="com.example.newpc.qrcode.GeneratorActivity" />
54-->src/main/AndroidManifest.xml:25:9-64
54-->src/main/AndroidManifest.xml:25:19-52
55        <activity
55-->[com.journeyapps:zxing-android-embedded:3.2.0] AndroidManifest.xml:46:9-52:63
56            android:name="com.journeyapps.barcodescanner.CaptureActivity"
56-->[com.journeyapps:zxing-android-embedded:3.2.0] AndroidManifest.xml:47:13-74
57            android:clearTaskOnLaunch="true"
57-->[com.journeyapps:zxing-android-embedded:3.2.0] AndroidManifest.xml:48:13-45
58            android:screenOrientation="sensorLandscape"
58-->[com.journeyapps:zxing-android-embedded:3.2.0] AndroidManifest.xml:49:13-56
59            android:stateNotNeeded="true"
59-->[com.journeyapps:zxing-android-embedded:3.2.0] AndroidManifest.xml:50:13-42
60            android:theme="@style/zxing_CaptureTheme"
60-->[com.journeyapps:zxing-android-embedded:3.2.0] AndroidManifest.xml:51:13-54
61            android:windowSoftInputMode="stateAlwaysHidden" />
61-->[com.journeyapps:zxing-android-embedded:3.2.0] AndroidManifest.xml:52:13-60
62    </application>
63
64</manifest>